# JRE version: 7.0_13-b20
# Java VM: Java HotSpot(TM) Client VM (23.7-b01 mixed mode windows-x86 )
Heap
 def new generation   total 4928K, used 1233K [0x0f010000, 0x0f560000, 0x14560000)
  eden space 4416K,  16% used [0x0f010000, 0x0f0c4488, 0x0f460000)
  from space 512K, 100% used [0x0f4e0000, 0x0f560000, 0x0f560000)
  to   space 512K,   0% used [0x0f460000, 0x0f460000, 0x0f4e0000)
 tenured generation   total 10944K, used 5390K [0x14560000, 0x15010000, 0x1f010000)
   the space 10944K,  49% used [0x14560000, 0x14aa3950, 0x14aa3a00, 0x15010000)
 compacting perm gen  total 12288K, used 8840K [0x1f010000, 0x1fc10000, 0x23010000)
   the space 12288K,  71% used [0x1f010000, 0x1f8b2068, 0x1f8b2200, 0x1fc10000)
GC Heap History (10 events):
Event: 54.409 GC heap before
{Heap before GC invocations=2 (full 0):
 def new generation   total 4928K, used 4897K [0x0f010000, 0x0f560000, 0x14560000)
  eden space 4416K, 100% used [0x0f010000, 0x0f460000, 0x0f460000)
  from space 512K,  94% used [0x0f460000, 0x0f4d8708, 0x0f4e0000)
  to   space 512K,   0% used [0x0f4e0000, 0x0f4e0000, 0x0f560000)
 tenured generation   total 10944K, used 1292K [0x14560000, 0x15010000, 0x1f010000)
   the space 10944K,  11% used [0x14560000, 0x146a3078, 0x146a3200, 0x15010000)
 compacting perm gen  total 12288K, used 4559K [0x1f010000, 0x1fc10000, 0x23010000)
   the space 12288K,  37% used [0x1f010000, 0x1f483ff8, 0x1f484000, 0x1fc10000)
No shared spaces configured.
Event: 54.419 GC heap after
Heap after GC invocations=3 (full 0):
 def new generation   total 4928K, used 512K [0x0f010000, 0x0f560000, 0x14560000)
  eden space 4416K,   0% used [0x0f010000, 0x0f010000, 0x0f460000)
  from space 512K, 100% used [0x0f4e0000, 0x0f560000, 0x0f560000)
  to   space 512K,   0% used [0x0f460000, 0x0f460000, 0x0f4e0000)
 tenured generation   total 10944K, used 2132K [0x14560000, 0x15010000, 0x1f010000)
   the space 10944K,  19% used [0x14560000, 0x147750b0, 0x14775200, 0x15010000)
 compacting perm gen  total 12288K, used 4559K [0x1f010000, 0x1fc10000, 0x23010000)
   the space 12288K,  37% used [0x1f010000, 0x1f483ff8, 0x1f484000, 0x1fc10000)
No shared spaces configured.
}
Event: 59.780 GC heap before
{Heap before GC invocations=3 (full 0):
 def new generation   total 4928K, used 4928K [0x0f010000, 0x0f560000, 0x14560000)
  eden space 4416K, 100% used [0x0f010000, 0x0f460000, 0x0f460000)
  from space 512K, 100% used [0x0f4e0000, 0x0f560000, 0x0f560000)
  to   space 512K,   0% used [0x0f460000, 0x0f460000, 0x0f4e0000)
 tenured generation   total 10944K, used 2132K [0x14560000, 0x15010000, 0x1f010000)
   the space 10944K,  19% used [0x14560000, 0x147750b0, 0x14775200, 0x15010000)
 compacting perm gen  total 12288K, used 5572K [0x1f010000, 0x1fc10000, 0x23010000)
   the space 12288K,  45% used [0x1f010000, 0x1f5811d8, 0x1f581200, 0x1fc10000)
No shared spaces configured.
Event: 59.796 GC heap after
Heap after GC invocations=4 (full 0):
 def new generation   total 4928K, used 512K [0x0f010000, 0x0f560000, 0x14560000)
  eden space 4416K,   0% used [0x0f010000, 0x0f010000, 0x0f460000)
  from space 512K, 100% used [0x0f460000, 0x0f4e0000, 0x0f4e0000)
  to   space 512K,   0% used [0x0f4e0000, 0x0f4e0000, 0x0f560000)
 tenured generation   total 10944K, used 2871K [0x14560000, 0x15010000, 0x1f010000)
   the space 10944K,  26% used [0x14560000, 0x1482dc90, 0x1482de00, 0x15010000)
 compacting perm gen  total 12288K, used 5572K [0x1f010000, 0x1fc10000, 0x23010000)
   the space 12288K,  45% used [0x1f010000, 0x1f5811d8, 0x1f581200, 0x1fc10000)
No shared spaces configured.
}
Event: 68.292 GC heap before
{Heap before GC invocations=4 (full 0):
 def new generation   total 4928K, used 4928K [0x0f010000, 0x0f560000, 0x14560000)
  eden space 4416K, 100% used [0x0f010000, 0x0f460000, 0x0f460000)
  from space 512K, 100% used [0x0f460000, 0x0f4e0000, 0x0f4e0000)
  to   space 512K,   0% used [0x0f4e0000, 0x0f4e0000, 0x0f560000)
 tenured generation   total 10944K, used 2871K [0x14560000, 0x15010000, 0x1f010000)
   the space 10944K,  26% used [0x14560000, 0x1482dc90, 0x1482de00, 0x15010000)
 compacting perm gen  total 12288K, used 7466K [0x1f010000, 0x1fc10000, 0x23010000)
   the space 12288K,  60% used [0x1f010000, 0x1f75aa38, 0x1f75ac00, 0x1fc10000)
No shared spaces configured.
Event: 68.310 GC heap after
Heap after GC invocations=5 (full 0):
 def new generation   total 4928K, used 512K [0x0f010000, 0x0f560000, 0x14560000)
  eden space 4416K,   0% used [0x0f010000, 0x0f010000, 0x0f460000)
  from space 512K, 100% used [0x0f4e0000, 0x0f560000, 0x0f560000)
  to   space 512K,   0% used [0x0f460000, 0x0f460000, 0x0f4e0000)
 tenured generation   total 10944K, used 3526K [0x14560000, 0x15010000, 0x1f010000)
   the space 10944K,  32% used [0x14560000, 0x148d1ac0, 0x148d1c00, 0x15010000)
 compacting perm gen  total 12288K, used 7466K [0x1f010000, 0x1fc10000, 0x23010000)
   the space 12288K,  60% used [0x1f010000, 0x1f75aa38, 0x1f75ac00, 0x1fc10000)
No shared spaces configured.
}
Event: 68.684 GC heap before
{Heap before GC invocations=5 (full 0):
 def new generation   total 4928K, used 4928K [0x0f010000, 0x0f560000, 0x14560000)
  eden space 4416K, 100% used [0x0f010000, 0x0f460000, 0x0f460000)
  from space 512K, 100% used [0x0f4e0000, 0x0f560000, 0x0f560000)
  to   space 512K,   0% used [0x0f460000, 0x0f460000, 0x0f4e0000)
 tenured generation   total 10944K, used 3526K [0x14560000, 0x15010000, 0x1f010000)
   the space 10944K,  32% used [0x14560000, 0x148d1ac0, 0x148d1c00, 0x15010000)
 compacting perm gen  total 12288K, used 7705K [0x1f010000, 0x1fc10000, 0x23010000)
   the space 12288K,  62% used [0x1f010000, 0x1f796758, 0x1f796800, 0x1fc10000)
No shared spaces configured.
Event: 68.700 GC heap after
Heap after GC invocations=6 (full 0):
 def new generation   total 4928K, used 512K [0x0f010000, 0x0f560000, 0x14560000)
  eden space 4416K,   0% used [0x0f010000, 0x0f010000, 0x0f460000)
  from space 512K, 100% used [0x0f460000, 0x0f4e0000, 0x0f4e0000)
  to   space 512K,   0% used [0x0f4e0000, 0x0f4e0000, 0x0f560000)
 tenured generation   total 10944K, used 4402K [0x14560000, 0x15010000, 0x1f010000)
   the space 10944K,  40% used [0x14560000, 0x149acbe0, 0x149acc00, 0x15010000)
 compacting perm gen  total 12288K, used 7705K [0x1f010000, 0x1fc10000, 0x23010000)
   the space 12288K,  62% used [0x1f010000, 0x1f796758, 0x1f796800, 0x1fc10000)
No shared spaces configured.
}
Event: 80.376 GC heap before
{Heap before GC invocations=6 (full 0):
 def new generation   total 4928K, used 4928K [0x0f010000, 0x0f560000, 0x14560000)
  eden space 4416K, 100% used [0x0f010000, 0x0f460000, 0x0f460000)
  from space 512K, 100% used [0x0f460000, 0x0f4e0000, 0x0f4e0000)
  to   space 512K,   0% used [0x0f4e0000, 0x0f4e0000, 0x0f560000)
 tenured generation   total 10944K, used 4402K [0x14560000, 0x15010000, 0x1f010000)
   the space 10944K,  40% used [0x14560000, 0x149acbe0, 0x149acc00, 0x15010000)
 compacting perm gen  total 12288K, used 8574K [0x1f010000, 0x1fc10000, 0x23010000)
   the space 12288K,  69% used [0x1f010000, 0x1f86f968, 0x1f86fa00, 0x1fc10000)
No shared spaces configured.
Event: 80.390 GC heap after
Heap after GC invocations=7 (full 0):
 def new generation   total 4928K, used 512K [0x0f010000, 0x0f560000, 0x14560000)
  eden space 4416K,   0% used [0x0f010000, 0x0f010000, 0x0f460000)
  from space 512K, 100% used [0x0f4e0000, 0x0f560000, 0x0f560000)
  to   space 512K,   0% used [0x0f460000, 0x0f460000, 0x0f4e0000)
 tenured generation   total 10944K, used 5390K [0x14560000, 0x15010000, 0x1f010000)
   the space 10944K,  49% used [0x14560000, 0x14aa3950, 0x14aa3a00, 0x15010000)
 compacting perm gen  total 12288K, used 8574K [0x1f010000, 0x1fc10000, 0x23010000)
   the space 12288K,  69% used [0x1f010000, 0x1f86f968, 0x1f86fa00, 0x1fc10000)
No shared spaces configured.
}

