# JRE version: 7.0_13-b20
# Java VM: Java HotSpot(TM) Client VM (23.7-b01 mixed mode windows-x86 )
Heap
 def new generation   total 4928K, used 3411K [0x0f010000, 0x0f560000, 0x14560000)
  eden space 4416K,  65% used [0x0f010000, 0x0f2e4c78, 0x0f460000)
  from space 512K, 100% used [0x0f4e0000, 0x0f560000, 0x0f560000)
  to   space 512K,   0% used [0x0f460000, 0x0f460000, 0x0f4e0000)
 tenured generation   total 10944K, used 5386K [0x14560000, 0x15010000, 0x1f010000)
   the space 10944K,  49% used [0x14560000, 0x14aa2938, 0x14aa2a00, 0x15010000)
 compacting perm gen  total 12288K, used 9237K [0x1f010000, 0x1fc10000, 0x23010000)
   the space 12288K,  75% used [0x1f010000, 0x1f9156e0, 0x1f915800, 0x1fc10000)
GC Heap History (10 events):
Event: 8.792 GC heap before
{Heap before GC invocations=2 (full 0):
 def new generation   total 4928K, used 4913K [0x0f010000, 0x0f560000, 0x14560000)
  eden space 4416K, 100% used [0x0f010000, 0x0f460000, 0x0f460000)
  from space 512K,  97% used [0x0f460000, 0x0f4dc478, 0x0f4e0000)
  to   space 512K,   0% used [0x0f4e0000, 0x0f4e0000, 0x0f560000)
 tenured generation   total 10944K, used 1292K [0x14560000, 0x15010000, 0x1f010000)
   the space 10944K,  11% used [0x14560000, 0x146a3078, 0x146a3200, 0x15010000)
 compacting perm gen  total 12288K, used 4569K [0x1f010000, 0x1fc10000, 0x23010000)
   the space 12288K,  37% used [0x1f010000, 0x1f4866e8, 0x1f486800, 0x1fc10000)
No shared spaces configured.
Event: 8.805 GC heap after
Heap after GC invocations=3 (full 0):
 def new generation   total 4928K, used 512K [0x0f010000, 0x0f560000, 0x14560000)
  eden space 4416K,   0% used [0x0f010000, 0x0f010000, 0x0f460000)
  from space 512K, 100% used [0x0f4e0000, 0x0f560000, 0x0f560000)
  to   space 512K,   0% used [0x0f460000, 0x0f460000, 0x0f4e0000)
 tenured generation   total 10944K, used 2133K [0x14560000, 0x15010000, 0x1f010000)
   the space 10944K,  19% used [0x14560000, 0x147757f8, 0x14775800, 0x15010000)
 compacting perm gen  total 12288K, used 4569K [0x1f010000, 0x1fc10000, 0x23010000)
   the space 12288K,  37% used [0x1f010000, 0x1f4866e8, 0x1f486800, 0x1fc10000)
No shared spaces configured.
}
Event: 17.753 GC heap before
{Heap before GC invocations=3 (full 0):
 def new generation   total 4928K, used 4928K [0x0f010000, 0x0f560000, 0x14560000)
  eden space 4416K, 100% used [0x0f010000, 0x0f460000, 0x0f460000)
  from space 512K, 100% used [0x0f4e0000, 0x0f560000, 0x0f560000)
  to   space 512K,   0% used [0x0f460000, 0x0f460000, 0x0f4e0000)
 tenured generation   total 10944K, used 2133K [0x14560000, 0x15010000, 0x1f010000)
   the space 10944K,  19% used [0x14560000, 0x147757f8, 0x14775800, 0x15010000)
 compacting perm gen  total 12288K, used 5579K [0x1f010000, 0x1fc10000, 0x23010000)
   the space 12288K,  45% used [0x1f010000, 0x1f582e90, 0x1f583000, 0x1fc10000)
No shared spaces configured.
Event: 17.760 GC heap after
Heap after GC invocations=4 (full 0):
 def new generation   total 4928K, used 512K [0x0f010000, 0x0f560000, 0x14560000)
  eden space 4416K,   0% used [0x0f010000, 0x0f010000, 0x0f460000)
  from space 512K, 100% used [0x0f460000, 0x0f4e0000, 0x0f4e0000)
  to   space 512K,   0% used [0x0f4e0000, 0x0f4e0000, 0x0f560000)
 tenured generation   total 10944K, used 2866K [0x14560000, 0x15010000, 0x1f010000)
   the space 10944K,  26% used [0x14560000, 0x1482c968, 0x1482ca00, 0x15010000)
 compacting perm gen  total 12288K, used 5579K [0x1f010000, 0x1fc10000, 0x23010000)
   the space 12288K,  45% used [0x1f010000, 0x1f582e90, 0x1f583000, 0x1fc10000)
No shared spaces configured.
}
Event: 41.561 GC heap before
{Heap before GC invocations=4 (full 0):
 def new generation   total 4928K, used 4928K [0x0f010000, 0x0f560000, 0x14560000)
  eden space 4416K, 100% used [0x0f010000, 0x0f460000, 0x0f460000)
  from space 512K, 100% used [0x0f460000, 0x0f4e0000, 0x0f4e0000)
  to   space 512K,   0% used [0x0f4e0000, 0x0f4e0000, 0x0f560000)
 tenured generation   total 10944K, used 2866K [0x14560000, 0x15010000, 0x1f010000)
   the space 10944K,  26% used [0x14560000, 0x1482c968, 0x1482ca00, 0x15010000)
 compacting perm gen  total 12288K, used 7468K [0x1f010000, 0x1fc10000, 0x23010000)
   the space 12288K,  60% used [0x1f010000, 0x1f75b168, 0x1f75b200, 0x1fc10000)
No shared spaces configured.
Event: 41.574 GC heap after
Heap after GC invocations=5 (full 0):
 def new generation   total 4928K, used 512K [0x0f010000, 0x0f560000, 0x14560000)
  eden space 4416K,   0% used [0x0f010000, 0x0f010000, 0x0f460000)
  from space 512K, 100% used [0x0f4e0000, 0x0f560000, 0x0f560000)
  to   space 512K,   0% used [0x0f460000, 0x0f460000, 0x0f4e0000)
 tenured generation   total 10944K, used 3520K [0x14560000, 0x15010000, 0x1f010000)
   the space 10944K,  32% used [0x14560000, 0x148d02b0, 0x148d0400, 0x15010000)
 compacting perm gen  total 12288K, used 7468K [0x1f010000, 0x1fc10000, 0x23010000)
   the space 12288K,  60% used [0x1f010000, 0x1f75b168, 0x1f75b200, 0x1fc10000)
No shared spaces configured.
}
Event: 42.329 GC heap before
{Heap before GC invocations=5 (full 0):
 def new generation   total 4928K, used 4928K [0x0f010000, 0x0f560000, 0x14560000)
  eden space 4416K, 100% used [0x0f010000, 0x0f460000, 0x0f460000)
  from space 512K, 100% used [0x0f4e0000, 0x0f560000, 0x0f560000)
  to   space 512K,   0% used [0x0f460000, 0x0f460000, 0x0f4e0000)
 tenured generation   total 10944K, used 3520K [0x14560000, 0x15010000, 0x1f010000)
   the space 10944K,  32% used [0x14560000, 0x148d02b0, 0x148d0400, 0x15010000)
 compacting perm gen  total 12288K, used 7708K [0x1f010000, 0x1fc10000, 0x23010000)
   the space 12288K,  62% used [0x1f010000, 0x1f797140, 0x1f797200, 0x1fc10000)
No shared spaces configured.
Event: 42.343 GC heap after
Heap after GC invocations=6 (full 0):
 def new generation   total 4928K, used 512K [0x0f010000, 0x0f560000, 0x14560000)
  eden space 4416K,   0% used [0x0f010000, 0x0f010000, 0x0f460000)
  from space 512K, 100% used [0x0f460000, 0x0f4e0000, 0x0f4e0000)
  to   space 512K,   0% used [0x0f4e0000, 0x0f4e0000, 0x0f560000)
 tenured generation   total 10944K, used 4401K [0x14560000, 0x15010000, 0x1f010000)
   the space 10944K,  40% used [0x14560000, 0x149ac430, 0x149ac600, 0x15010000)
 compacting perm gen  total 12288K, used 7708K [0x1f010000, 0x1fc10000, 0x23010000)
   the space 12288K,  62% used [0x1f010000, 0x1f797140, 0x1f797200, 0x1fc10000)
No shared spaces configured.
}
Event: 49.713 GC heap before
{Heap before GC invocations=6 (full 0):
 def new generation   total 4928K, used 4928K [0x0f010000, 0x0f560000, 0x14560000)
  eden space 4416K, 100% used [0x0f010000, 0x0f460000, 0x0f460000)
  from space 512K, 100% used [0x0f460000, 0x0f4e0000, 0x0f4e0000)
  to   space 512K,   0% used [0x0f4e0000, 0x0f4e0000, 0x0f560000)
 tenured generation   total 10944K, used 4401K [0x14560000, 0x15010000, 0x1f010000)
   the space 10944K,  40% used [0x14560000, 0x149ac430, 0x149ac600, 0x15010000)
 compacting perm gen  total 12288K, used 8588K [0x1f010000, 0x1fc10000, 0x23010000)
   the space 12288K,  69% used [0x1f010000, 0x1f873368, 0x1f873400, 0x1fc10000)
No shared spaces configured.
Event: 49.736 GC heap after
Heap after GC invocations=7 (full 0):
 def new generation   total 4928K, used 512K [0x0f010000, 0x0f560000, 0x14560000)
  eden space 4416K,   0% used [0x0f010000, 0x0f010000, 0x0f460000)
  from space 512K, 100% used [0x0f4e0000, 0x0f560000, 0x0f560000)
  to   space 512K,   0% used [0x0f460000, 0x0f460000, 0x0f4e0000)
 tenured generation   total 10944K, used 5386K [0x14560000, 0x15010000, 0x1f010000)
   the space 10944K,  49% used [0x14560000, 0x14aa2938, 0x14aa2a00, 0x15010000)
 compacting perm gen  total 12288K, used 8588K [0x1f010000, 0x1fc10000, 0x23010000)
   the space 12288K,  69% used [0x1f010000, 0x1f873368, 0x1f873400, 0x1fc10000)
No shared spaces configured.
}

