# JRE version: 7.0_13-b20
# Java VM: Java HotSpot(TM) Client VM (23.7-b01 mixed mode windows-x86 )
Heap
 def new generation   total 4928K, used 3445K [0x0f010000, 0x0f560000, 0x14560000)
  eden space 4416K,  66% used [0x0f010000, 0x0f2ed530, 0x0f460000)
  from space 512K, 100% used [0x0f4e0000, 0x0f560000, 0x0f560000)
  to   space 512K,   0% used [0x0f460000, 0x0f460000, 0x0f4e0000)
 tenured generation   total 10944K, used 5362K [0x14560000, 0x15010000, 0x1f010000)
   the space 10944K,  49% used [0x14560000, 0x14a9caa0, 0x14a9cc00, 0x15010000)
 compacting perm gen  total 12288K, used 9238K [0x1f010000, 0x1fc10000, 0x23010000)
   the space 12288K,  75% used [0x1f010000, 0x1f915b98, 0x1f915c00, 0x1fc10000)
GC Heap History (10 events):
Event: 8.180 GC heap before
{Heap before GC invocations=2 (full 0):
 def new generation   total 4928K, used 4897K [0x0f010000, 0x0f560000, 0x14560000)
  eden space 4416K, 100% used [0x0f010000, 0x0f460000, 0x0f460000)
  from space 512K,  94% used [0x0f460000, 0x0f4d85d8, 0x0f4e0000)
  to   space 512K,   0% used [0x0f4e0000, 0x0f4e0000, 0x0f560000)
 tenured generation   total 10944K, used 1292K [0x14560000, 0x15010000, 0x1f010000)
   the space 10944K,  11% used [0x14560000, 0x146a3078, 0x146a3200, 0x15010000)
 compacting perm gen  total 12288K, used 4568K [0x1f010000, 0x1fc10000, 0x23010000)
   the space 12288K,  37% used [0x1f010000, 0x1f486300, 0x1f486400, 0x1fc10000)
No shared spaces configured.
Event: 8.191 GC heap after
Heap after GC invocations=3 (full 0):
 def new generation   total 4928K, used 512K [0x0f010000, 0x0f560000, 0x14560000)
  eden space 4416K,   0% used [0x0f010000, 0x0f010000, 0x0f460000)
  from space 512K, 100% used [0x0f4e0000, 0x0f560000, 0x0f560000)
  to   space 512K,   0% used [0x0f460000, 0x0f460000, 0x0f4e0000)
 tenured generation   total 10944K, used 2120K [0x14560000, 0x15010000, 0x1f010000)
   the space 10944K,  19% used [0x14560000, 0x147721b0, 0x14772200, 0x15010000)
 compacting perm gen  total 12288K, used 4568K [0x1f010000, 0x1fc10000, 0x23010000)
   the space 12288K,  37% used [0x1f010000, 0x1f486300, 0x1f486400, 0x1fc10000)
No shared spaces configured.
}
Event: 10.403 GC heap before
{Heap before GC invocations=3 (full 0):
 def new generation   total 4928K, used 4928K [0x0f010000, 0x0f560000, 0x14560000)
  eden space 4416K, 100% used [0x0f010000, 0x0f460000, 0x0f460000)
  from space 512K, 100% used [0x0f4e0000, 0x0f560000, 0x0f560000)
  to   space 512K,   0% used [0x0f460000, 0x0f460000, 0x0f4e0000)
 tenured generation   total 10944K, used 2120K [0x14560000, 0x15010000, 0x1f010000)
   the space 10944K,  19% used [0x14560000, 0x147721b0, 0x14772200, 0x15010000)
 compacting perm gen  total 12288K, used 5572K [0x1f010000, 0x1fc10000, 0x23010000)
   the space 12288K,  45% used [0x1f010000, 0x1f5811a8, 0x1f581200, 0x1fc10000)
No shared spaces configured.
Event: 10.411 GC heap after
Heap after GC invocations=4 (full 0):
 def new generation   total 4928K, used 512K [0x0f010000, 0x0f560000, 0x14560000)
  eden space 4416K,   0% used [0x0f010000, 0x0f010000, 0x0f460000)
  from space 512K, 100% used [0x0f460000, 0x0f4e0000, 0x0f4e0000)
  to   space 512K,   0% used [0x0f4e0000, 0x0f4e0000, 0x0f560000)
 tenured generation   total 10944K, used 2845K [0x14560000, 0x15010000, 0x1f010000)
   the space 10944K,  26% used [0x14560000, 0x14827758, 0x14827800, 0x15010000)
 compacting perm gen  total 12288K, used 5572K [0x1f010000, 0x1fc10000, 0x23010000)
   the space 12288K,  45% used [0x1f010000, 0x1f5811a8, 0x1f581200, 0x1fc10000)
No shared spaces configured.
}
Event: 18.073 GC heap before
{Heap before GC invocations=4 (full 0):
 def new generation   total 4928K, used 4928K [0x0f010000, 0x0f560000, 0x14560000)
  eden space 4416K, 100% used [0x0f010000, 0x0f460000, 0x0f460000)
  from space 512K, 100% used [0x0f460000, 0x0f4e0000, 0x0f4e0000)
  to   space 512K,   0% used [0x0f4e0000, 0x0f4e0000, 0x0f560000)
 tenured generation   total 10944K, used 2845K [0x14560000, 0x15010000, 0x1f010000)
   the space 10944K,  26% used [0x14560000, 0x14827758, 0x14827800, 0x15010000)
 compacting perm gen  total 12288K, used 7466K [0x1f010000, 0x1fc10000, 0x23010000)
   the space 12288K,  60% used [0x1f010000, 0x1f75aa18, 0x1f75ac00, 0x1fc10000)
No shared spaces configured.
Event: 18.090 GC heap after
Heap after GC invocations=5 (full 0):
 def new generation   total 4928K, used 512K [0x0f010000, 0x0f560000, 0x14560000)
  eden space 4416K,   0% used [0x0f010000, 0x0f010000, 0x0f460000)
  from space 512K, 100% used [0x0f4e0000, 0x0f560000, 0x0f560000)
  to   space 512K,   0% used [0x0f460000, 0x0f460000, 0x0f4e0000)
 tenured generation   total 10944K, used 3501K [0x14560000, 0x15010000, 0x1f010000)
   the space 10944K,  31% used [0x14560000, 0x148cb5d8, 0x148cb600, 0x15010000)
 compacting perm gen  total 12288K, used 7466K [0x1f010000, 0x1fc10000, 0x23010000)
   the space 12288K,  60% used [0x1f010000, 0x1f75aa18, 0x1f75ac00, 0x1fc10000)
No shared spaces configured.
}
Event: 18.822 GC heap before
{Heap before GC invocations=5 (full 0):
 def new generation   total 4928K, used 4928K [0x0f010000, 0x0f560000, 0x14560000)
  eden space 4416K, 100% used [0x0f010000, 0x0f460000, 0x0f460000)
  from space 512K, 100% used [0x0f4e0000, 0x0f560000, 0x0f560000)
  to   space 512K,   0% used [0x0f460000, 0x0f460000, 0x0f4e0000)
 tenured generation   total 10944K, used 3501K [0x14560000, 0x15010000, 0x1f010000)
   the space 10944K,  31% used [0x14560000, 0x148cb5d8, 0x148cb600, 0x15010000)
 compacting perm gen  total 12288K, used 7705K [0x1f010000, 0x1fc10000, 0x23010000)
   the space 12288K,  62% used [0x1f010000, 0x1f796748, 0x1f796800, 0x1fc10000)
No shared spaces configured.
Event: 18.841 GC heap after
Heap after GC invocations=6 (full 0):
 def new generation   total 4928K, used 512K [0x0f010000, 0x0f560000, 0x14560000)
  eden space 4416K,   0% used [0x0f010000, 0x0f010000, 0x0f460000)
  from space 512K, 100% used [0x0f460000, 0x0f4e0000, 0x0f4e0000)
  to   space 512K,   0% used [0x0f4e0000, 0x0f4e0000, 0x0f560000)
 tenured generation   total 10944K, used 4376K [0x14560000, 0x15010000, 0x1f010000)
   the space 10944K,  39% used [0x14560000, 0x149a6240, 0x149a6400, 0x15010000)
 compacting perm gen  total 12288K, used 7705K [0x1f010000, 0x1fc10000, 0x23010000)
   the space 12288K,  62% used [0x1f010000, 0x1f796748, 0x1f796800, 0x1fc10000)
No shared spaces configured.
}
Event: 26.404 GC heap before
{Heap before GC invocations=6 (full 0):
 def new generation   total 4928K, used 4928K [0x0f010000, 0x0f560000, 0x14560000)
  eden space 4416K, 100% used [0x0f010000, 0x0f460000, 0x0f460000)
  from space 512K, 100% used [0x0f460000, 0x0f4e0000, 0x0f4e0000)
  to   space 512K,   0% used [0x0f4e0000, 0x0f4e0000, 0x0f560000)
 tenured generation   total 10944K, used 4376K [0x14560000, 0x15010000, 0x1f010000)
   the space 10944K,  39% used [0x14560000, 0x149a6240, 0x149a6400, 0x15010000)
 compacting perm gen  total 12288K, used 8574K [0x1f010000, 0x1fc10000, 0x23010000)
   the space 12288K,  69% used [0x1f010000, 0x1f86f958, 0x1f86fa00, 0x1fc10000)
No shared spaces configured.
Event: 26.426 GC heap after
Heap after GC invocations=7 (full 0):
 def new generation   total 4928K, used 512K [0x0f010000, 0x0f560000, 0x14560000)
  eden space 4416K,   0% used [0x0f010000, 0x0f010000, 0x0f460000)
  from space 512K, 100% used [0x0f4e0000, 0x0f560000, 0x0f560000)
  to   space 512K,   0% used [0x0f460000, 0x0f460000, 0x0f4e0000)
 tenured generation   total 10944K, used 5362K [0x14560000, 0x15010000, 0x1f010000)
   the space 10944K,  49% used [0x14560000, 0x14a9caa0, 0x14a9cc00, 0x15010000)
 compacting perm gen  total 12288K, used 8574K [0x1f010000, 0x1fc10000, 0x23010000)
   the space 12288K,  69% used [0x1f010000, 0x1f86f958, 0x1f86fa00, 0x1fc10000)
No shared spaces configured.
}

